<?xml version="1.0" encoding="utf-8"?><testsuites name="pytest tests"><testsuite name="pytest" errors="0" failures="0" skipped="0" tests="13" time="5.973" timestamp="2026-05-10T12:33:59.483203+00:00" hostname="agent-env-f60ba942-c2fd-4a6b-9e9a-a7096d975e0c"><testcase classname="backend.tests.test_admin_management" name="test_list_admins_anonymous_401" time="0.243" /><testcase classname="backend.tests.test_admin_management" name="test_list_admins_student_403" time="0.518" /><testcase classname="backend.tests.test_admin_management" name="test_list_admins_admin_ok" time="0.696" /><testcase classname="backend.tests.test_admin_management" name="test_create_admin_anonymous_401" time="0.143" /><testcase classname="backend.tests.test_admin_management" name="test_create_admin_student_403" time="0.448" /><testcase classname="backend.tests.test_admin_management" name="test_create_admin_and_login" time="0.941" /><testcase classname="backend.tests.test_admin_management" name="test_create_admin_duplicate_email" time="0.118" /><testcase classname="backend.tests.test_admin_management" name="test_create_admin_short_password_422" time="0.103" /><testcase classname="backend.tests.test_admin_management" name="test_delete_self_blocked" time="0.106" /><testcase classname="backend.tests.test_admin_management" name="test_delete_non_existent_404" time="0.100" /><testcase classname="backend.tests.test_admin_management" name="test_delete_non_admin_user_404" time="0.438" /><testcase classname="backend.tests.test_admin_management" name="test_delete_admin_success_and_last_admin_guard" time="1.070" /><testcase classname="backend.tests.test_admin_management" name="test_delete_admin_requires_admin_auth" time="0.990" /></testsuite></testsuites>