<?xml version="1.0" encoding="utf-8"?><testsuites name="pytest tests"><testsuite name="pytest" errors="0" failures="0" skipped="0" tests="9" time="2.795" timestamp="2026-05-10T12:42:12.510446+00:00" hostname="agent-env-f60ba942-c2fd-4a6b-9e9a-a7096d975e0c"><testcase classname="backend.tests.test_branding" name="test_get_settings_public_no_auth" time="0.588" /><testcase classname="backend.tests.test_branding" name="test_patch_settings_requires_auth" time="0.120" /><testcase classname="backend.tests.test_branding" name="test_patch_settings_forbidden_for_student" time="0.546" /><testcase classname="backend.tests.test_branding" name="test_patch_settings_empty_name_rejected" time="0.109" /><testcase classname="backend.tests.test_branding" name="test_patch_settings_no_fields_rejected" time="0.097" /><testcase classname="backend.tests.test_branding" name="test_patch_settings_updates_both_fields_and_persists" time="0.246" /><testcase classname="backend.tests.test_branding" name="test_patch_settings_only_name_preserves_logo" time="0.322" /><testcase classname="backend.tests.test_branding" name="test_patch_settings_only_logo_preserves_name" time="0.389" /><testcase classname="backend.tests.test_branding" name="test_patch_settings_reset_to_defaults" time="0.321" /></testsuite></testsuites>