<?xml version="1.0" encoding="utf-8"?><testsuites name="pytest tests"><testsuite name="pytest" errors="0" failures="0" skipped="0" tests="18" time="7.939" timestamp="2026-05-10T12:21:56.366485+00:00" hostname="agent-env-f60ba942-c2fd-4a6b-9e9a-a7096d975e0c"><testcase classname="backend.tests.backend_test" name="test_admin_login_and_me" time="0.583" /><testcase classname="backend.tests.backend_test" name="test_login_invalid" time="0.376" /><testcase classname="backend.tests.backend_test" name="test_register_pending_when_not_in_voter_list" time="0.367" /><testcase classname="backend.tests.backend_test" name="test_voter_list_add_promotes_pending" time="0.949" /><testcase classname="backend.tests.backend_test" name="test_register_auto_approve_when_in_voter_list" time="0.437" /><testcase classname="backend.tests.backend_test" name="test_non_admin_cannot_create_election" time="0.470" /><testcase classname="backend.tests.backend_test" name="test_student_cannot_see_draft_election" time="1.112" /><testcase classname="backend.tests.backend_test" name="test_student_cannot_patch_election" time="0.438" /><testcase classname="backend.tests.backend_test" name="test_activate_election" time="0.109" /><testcase classname="backend.tests.backend_test" name="test_pending_student_cannot_vote" time="0.494" /><testcase classname="backend.tests.backend_test" name="test_approved_student_can_vote" time="0.573" /><testcase classname="backend.tests.backend_test" name="test_vote_idempotency_same_client_id" time="0.110" /><testcase classname="backend.tests.backend_test" name="test_duplicate_vote_rejected" time="0.135" /><testcase classname="backend.tests.backend_test" name="test_results_admin_only" time="0.208" /><testcase classname="backend.tests.backend_test" name="test_admin_stats" time="0.109" /><testcase classname="backend.tests.backend_test" name="test_voter_management_patch_and_delete" time="0.529" /><testcase classname="backend.tests.backend_test" name="test_bulk_voter_list" time="0.101" /><testcase classname="backend.tests.backend_test" name="test_close_election_blocks_voting" time="0.718" /></testsuite></testsuites>