<?xml version="1.0" encoding="utf-8"?><testsuites name="pytest tests"><testsuite name="pytest" errors="0" failures="0" skipped="0" tests="16" time="6.371" timestamp="2026-05-10T14:16:54.898487+00:00" hostname="agent-env-f60ba942-c2fd-4a6b-9e9a-a7096d975e0c"><testcase classname="backend.tests.test_sections" name="test_get_sections_public_no_auth" time="0.255" /><testcase classname="backend.tests.test_sections" name="test_create_section_requires_admin_anon" time="0.105" /><testcase classname="backend.tests.test_sections" name="test_create_section_requires_admin_student" time="1.017" /><testcase classname="backend.tests.test_sections" name="test_create_and_delete_section" time="0.613" /><testcase classname="backend.tests.test_sections" name="test_delete_section_in_use_blocked" time="0.600" /><testcase classname="backend.tests.test_sections" name="test_register_missing_section_blocked" time="0.108" /><testcase classname="backend.tests.test_sections" name="test_register_invalid_section_blocked" time="0.142" /><testcase classname="backend.tests.test_sections" name="test_register_with_section_populates_year_and_name" time="0.322" /><testcase classname="backend.tests.test_sections" name="test_create_election_default_scope_is_school" time="0.110" /><testcase classname="backend.tests.test_sections" name="test_patch_preserves_scope" time="0.213" /><testcase classname="backend.tests.test_sections" name="test_year_position_requires_year_level_on_candidate" time="0.131" /><testcase classname="backend.tests.test_sections" name="test_school_position_stores_null_year_level" time="0.129" /><testcase classname="backend.tests.test_sections" name="test_get_election_filters_year_for_student" time="0.987" /><testcase classname="backend.tests.test_sections" name="test_get_election_admin_sees_all" time="0.112" /><testcase classname="backend.tests.test_sections" name="test_vote_scope_guard_rejects_year_mismatch" time="0.578" /><testcase classname="backend.tests.test_sections" name="test_vote_success_stamps_section_and_results" time="0.690" /></testsuite></testsuites>